Arguments: 
  /usr/local/bin/node /usr/local/bin/yarn install

PATH: 
  /tmp/yarn--1639348086133-0.8056359540037281:/home/arachnid/Dropbox/projects/durin/node_modules/.bin:/home/arachnid/.config/yarn/link/node_modules/.bin:/home/arachnid/.yarn/bin:/usr/local/libexec/lib/node_modules/npm/bin/node-gyp-bin:/usr/local/lib/node_modules/npm/bin/node-gyp-bin:/usr/local/bin/node_modules/npm/bin/node-gyp-bin:/home/arachnid/.cargo/bin:/usr/local/sbin:/usr/local/bin:/usr/sbin:/usr/bin:/sbin:/bin:/usr/games:/usr/local/games:/snap/bin

Yarn version: 
  1.22.10

Node version: 
  16.13.0

Platform: 
  linux x64

Trace: 
  SyntaxError: /home/arachnid/Dropbox/projects/durin/packages/examples/package.json: Unexpected token } in JSON at position 900
      at JSON.parse (<anonymous>)
      at /usr/local/lib/node_modules/yarn/lib/cli.js:1625:59
      at Generator.next (<anonymous>)
      at step (/usr/local/lib/node_modules/yarn/lib/cli.js:310:30)
      at /usr/local/lib/node_modules/yarn/lib/cli.js:321:13

npm manifest: 
  {
      "name": "@smartcontractkit/ccip-read-examples",
      "version": "0.2.0",
      "description": "A protocol for contract-initiated offchain data retrieval",
      "engines": {
          "node": ">=14"
      },
      "scripts": {
          "preinstall": "for d in */; do cd $d; echo $(pwd); yarn install; cd -; done",
          "test": "for d in */; do cd $d; yarn test; cd -; done",
          "lint": "for d in */; do cd $d; yarn lint; cd -; done",
          "build": "for d in */; do cd $d; yarn build; cd -; done",
          "docs": ""
      },
      "repository": {
          "type": "git",
          "url": "git+https://github.com/smartcontractkit/ccip-read.js.git"
      },
      "author": "@smartcontractkit",
      "license": "MIT",
      "bugs": {
          "url": "https://github.com/smartcontractkit/ccip-read/issues"
      },
      "peerDependencies": {},
      "homepage": "https://github.com/smartcontractkit/ccip-read#readme",
  }

yarn manifest: 
  No manifest

Lockfile: 
  # THIS IS AN AUTOGENERATED FILE. DO NOT EDIT THIS FILE DIRECTLY.
  # yarn lockfile v1
  
  
  husky@^6.0.0:
    version "6.0.0"
    resolved "https://registry.yarnpkg.com/husky/-/husky-6.0.0.tgz#810f11869adf51604c32ea577edbc377d7f9319e"
    integrity sha512-SQS2gDTB7tBN486QSoKPKQItZw97BMOd+Kdb6ghfpBc0yXyzrddI0oDV5MkDAbuB4X2mO3/nj60TRMcYxwzZeQ==
